EDA Netlist Writer report for sha256
Thu Feb 15 18:52:30 2018
Quartus Prime Version 17.1.0 Build 590 10/25/2017 SJ Lite Edition


---------------------
; Table of Contents ;
---------------------
  1. Legal Notice
  2. EDA Netlist Writer Summary
  3. Simulation Settings
  4. Simulation Generated Files
  5. EDA Netlist Writer Messages



----------------
; Legal Notice ;
----------------
Copyright (C) 2017  Intel Corporation. All rights reserved.
Your use of Intel Corporation's design tools, logic functions 
and other software and tools, and its AMPP partner logic 
functions, and any output files from any of the foregoing 
(including device programming or simulation files), and any 
associated documentation or information are expressly subject 
to the terms and conditions of the Intel Program License 
Subscription Agreement, the Intel Quartus Prime License Agreement,
the Intel FPGA IP License Agreement, or other applicable license
agreement, including, without limitation, that your use is for
the sole purpose of programming logic devices manufactured by
Intel and sold by Intel or its authorized distributors.  Please
refer to the applicable agreement for further details.



+-------------------------------------------------------------------+
; EDA Netlist Writer Summary                                        ;
+---------------------------+---------------------------------------+
; EDA Netlist Writer Status ; Successful - Thu Feb 15 18:52:30 2018 ;
; Revision Name             ; sha256                                ;
; Top-level Entity Name     ; sha256                                ;
; Family                    ; Arria II GX                           ;
; Simulation Files Creation ; Successful                            ;
+---------------------------+---------------------------------------+


+-------------------------------------------------------------------------------------------------------------------------------------+
; Simulation Settings                                                                                                                 ;
+---------------------------------------------------------------------------------------------------+---------------------------------+
; Option                                                                                            ; Setting                         ;
+---------------------------------------------------------------------------------------------------+---------------------------------+
; Tool Name                                                                                         ; ModelSim-Altera (SystemVerilog) ;
; Generate functional simulation netlist                                                            ; Off                             ;
; Time scale                                                                                        ; 1 ps                            ;
; Truncate long hierarchy paths                                                                     ; Off                             ;
; Map illegal HDL characters                                                                        ; Off                             ;
; Flatten buses into individual nodes                                                               ; Off                             ;
; Maintain hierarchy                                                                                ; Off                             ;
; Bring out device-wide set/reset signals as ports                                                  ; Off                             ;
; Enable glitch filtering                                                                           ; Off                             ;
; Do not write top level VHDL entity                                                                ; Off                             ;
; Disable detection of setup and hold time violations in the input registers of bi-directional pins ; Off                             ;
; Architecture name in VHDL output netlist                                                          ; structure                       ;
; Generate third-party EDA tool command script for RTL functional simulation                        ; Off                             ;
; Generate third-party EDA tool command script for gate-level simulation                            ; Off                             ;
+---------------------------------------------------------------------------------------------------+---------------------------------+


+-----------------------------------------------------------------------------------------+
; Simulation Generated Files                                                              ;
+-----------------------------------------------------------------------------------------+
; Generated Files                                                                         ;
+-----------------------------------------------------------------------------------------+
; C:/Users/Evan Green/Desktop/sha256/simulation/modelsim/sha256_5_900mv_100c_slow.svo     ;
; C:/Users/Evan Green/Desktop/sha256/simulation/modelsim/sha256_5_900mv_-40c_slow.svo     ;
; C:/Users/Evan Green/Desktop/sha256/simulation/modelsim/sha256_min_900mv_-40c_fast.svo   ;
; C:/Users/Evan Green/Desktop/sha256/simulation/modelsim/sha256.svo                       ;
; C:/Users/Evan Green/Desktop/sha256/simulation/modelsim/sha256_5_900mv_100c_v_slow.sdo   ;
; C:/Users/Evan Green/Desktop/sha256/simulation/modelsim/sha256_5_900mv_-40c_v_slow.sdo   ;
; C:/Users/Evan Green/Desktop/sha256/simulation/modelsim/sha256_min_900mv_-40c_v_fast.sdo ;
; C:/Users/Evan Green/Desktop/sha256/simulation/modelsim/sha256_v.sdo                     ;
+-----------------------------------------------------------------------------------------+


+-----------------------------+
; EDA Netlist Writer Messages ;
+-----------------------------+
Info: *******************************************************************
Info: Running Quartus Prime EDA Netlist Writer
    Info: Version 17.1.0 Build 590 10/25/2017 SJ Lite Edition
    Info: Processing started: Thu Feb 15 18:52:24 2018
Info: Command: quartus_eda --read_settings_files=off --write_settings_files=off sha256 -c sha256
Warning (18236): Number of processors has not been specified which may cause overloading on shared machines.  Set the global assignment NUM_PARALLEL_PROCESSORS in your QSF to an appropriate value for best performance.
Info (204019): Generated file sha256_5_900mv_100c_slow.svo in folder "C:/Users/Evan Green/Desktop/sha256/simulation/modelsim/" for EDA simulation tool
Info (204019): Generated file sha256_5_900mv_-40c_slow.svo in folder "C:/Users/Evan Green/Desktop/sha256/simulation/modelsim/" for EDA simulation tool
Info (204019): Generated file sha256_min_900mv_-40c_fast.svo in folder "C:/Users/Evan Green/Desktop/sha256/simulation/modelsim/" for EDA simulation tool
Info (204019): Generated file sha256.svo in folder "C:/Users/Evan Green/Desktop/sha256/simulation/modelsim/" for EDA simulation tool
Info (204019): Generated file sha256_5_900mv_100c_v_slow.sdo in folder "C:/Users/Evan Green/Desktop/sha256/simulation/modelsim/" for EDA simulation tool
Info (204019): Generated file sha256_5_900mv_-40c_v_slow.sdo in folder "C:/Users/Evan Green/Desktop/sha256/simulation/modelsim/" for EDA simulation tool
Info (204019): Generated file sha256_min_900mv_-40c_v_fast.sdo in folder "C:/Users/Evan Green/Desktop/sha256/simulation/modelsim/" for EDA simulation tool
Info (204019): Generated file sha256_v.sdo in folder "C:/Users/Evan Green/Desktop/sha256/simulation/modelsim/" for EDA simulation tool
Info: Quartus Prime EDA Netlist Writer was successful. 0 errors, 1 warning
    Info: Peak virtual memory: 694 megabytes
    Info: Processing ended: Thu Feb 15 18:52:30 2018
    Info: Elapsed time: 00:00:06
    Info: Total CPU time (on all processors): 00:00:04


